Linux 5.14.0-427.44.1.el9_4.x86_64 (4d1d663513d6) 	11/24/24 	_x86_64_	(8 CPU)

avg-cpu:  %user   %nice %system %iowait  %steal   %idle
           8.53    0.00    3.79    1.79    0.09   85.80

Device             tps    kB_read/s    kB_wrtn/s    kB_dscd/s    kB_read    kB_wrtn    kB_dscd
sda              53.77        50.55      1828.02         0.00   21724418  785681781          0


avg-cpu:  %user   %nice %system %iowait  %steal   %idle
          11.72    0.00    4.70   10.44    0.02   73.11

Device             tps    kB_read/s    kB_wrtn/s    kB_dscd/s    kB_read    kB_wrtn    kB_dscd
sda              27.87        12.67       316.88         0.00        760      19012          0


avg-cpu:  %user   %nice %system %iowait  %steal   %idle
          18.79    0.00    5.03    8.54    0.02   67.62

Device             tps    kB_read/s    kB_wrtn/s    kB_dscd/s    kB_read    kB_wrtn    kB_dscd
sda              35.95         7.80       903.73         0.00        468      54223          0


avg-cpu:  %user   %nice %system %iowait  %steal   %idle
           5.04    0.00    2.98   11.59    0.03   80.36

Device             tps    kB_read/s    kB_wrtn/s    kB_dscd/s    kB_read    kB_wrtn    kB_dscd
sda              23.20         2.13       233.94         0.00        128      14036          0


avg-cpu:  %user   %nice %system %iowait  %steal   %idle
           4.97    0.00    2.90   11.58    0.03   80.52

Device             tps    kB_read/s    kB_wrtn/s    kB_dscd/s    kB_read    kB_wrtn    kB_dscd
sda              20.03         0.20       189.54         0.00         12      11372          0


avg-cpu:  %user   %nice %system %iowait  %steal   %idle
           7.34    0.00    3.27    2.59    0.04   86.76

Device             tps    kB_read/s    kB_wrtn/s    kB_dscd/s    kB_read    kB_wrtn    kB_dscd
sda              73.47         0.00      1670.40         0.00          0     100224          0


avg-cpu:  %user   %nice %system %iowait  %steal   %idle
           5.06    0.00    2.84    0.09    0.02   91.99

Device             tps    kB_read/s    kB_wrtn/s    kB_dscd/s    kB_read    kB_wrtn    kB_dscd
sda              48.13         1.80       749.32         0.00        108      44959          0


avg-cpu:  %user   %nice %system %iowait  %steal   %idle
           5.48    0.00    2.91    0.08    0.03   91.51

Device             tps    kB_read/s    kB_wrtn/s    kB_dscd/s    kB_read    kB_wrtn    kB_dscd
sda              50.67         0.00       801.73         0.00          0      48104          0


avg-cpu:  %user   %nice %system %iowait  %steal   %idle
           5.67    0.00    3.39    0.14    0.03   90.77

Device             tps    kB_read/s    kB_wrtn/s    kB_dscd/s    kB_read    kB_wrtn    kB_dscd
sda              49.75         0.00       645.32         0.00          0      38719          0


avg-cpu:  %user   %nice %system %iowait  %steal   %idle
          21.92    0.00    4.88    0.07    0.01   73.12

Device             tps    kB_read/s    kB_wrtn/s    kB_dscd/s    kB_read    kB_wrtn    kB_dscd
sda              53.82         0.00       790.87         0.00          0      47452          0


avg-cpu:  %user   %nice %system %iowait  %steal   %idle
           5.02    0.00    2.90    0.07    0.03   91.98

Device             tps    kB_read/s    kB_wrtn/s    kB_dscd/s    kB_read    kB_wrtn    kB_dscd
sda              42.78         0.00       544.47         0.00          0      32668          0


avg-cpu:  %user   %nice %system %iowait  %steal   %idle
           5.68    0.00    3.13    0.08    0.01   91.09

Device             tps    kB_read/s    kB_wrtn/s    kB_dscd/s    kB_read    kB_wrtn    kB_dscd
sda              50.53        35.80       804.58         0.00       2148      48275          0


avg-cpu:  %user   %nice %system %iowait  %steal   %idle
          23.19    0.00    5.76    0.25    0.02   70.78

Device             tps    kB_read/s    kB_wrtn/s    kB_dscd/s    kB_read    kB_wrtn    kB_dscd
sda              56.57         0.13       764.83         0.00          8      45890          0


avg-cpu:  %user   %nice %system %iowait  %steal   %idle
          14.27    0.00    4.41    0.06    0.02   81.23

Device             tps    kB_read/s    kB_wrtn/s    kB_dscd/s    kB_read    kB_wrtn    kB_dscd
sda              44.85         0.00       601.68         0.00          0      36101          0


avg-cpu:  %user   %nice %system %iowait  %steal   %idle
           5.60    0.00    3.13    0.08    0.03   91.16

Device             tps    kB_read/s    kB_wrtn/s    kB_dscd/s    kB_read    kB_wrtn    kB_dscd
sda              48.62         0.67       709.69         0.00         40      42581          0


avg-cpu:  %user   %nice %system %iowait  %steal   %idle
           5.38    0.00    2.93    0.09    0.03   91.57

Device             tps    kB_read/s    kB_wrtn/s    kB_dscd/s    kB_read    kB_wrtn    kB_dscd
sda              50.05         0.00       691.87         0.00          0      41512          0


avg-cpu:  %user   %nice %system %iowait  %steal   %idle
           5.09    0.00    2.93    0.08    0.03   91.87

Device             tps    kB_read/s    kB_wrtn/s    kB_dscd/s    kB_read    kB_wrtn    kB_dscd
sda              49.42         0.00       743.72         0.00          0      44623          0


avg-cpu:  %user   %nice %system %iowait  %steal   %idle
           5.67    0.00    3.09    0.09    0.03   91.12

Device             tps    kB_read/s    kB_wrtn/s    kB_dscd/s    kB_read    kB_wrtn    kB_dscd
sda              52.95         0.00       850.09         0.00          0      51005          0


avg-cpu:  %user   %nice %system %iowait  %steal   %idle
           4.68    0.00    2.82    0.07    0.03   92.41

Device             tps    kB_read/s    kB_wrtn/s    kB_dscd/s    kB_read    kB_wrtn    kB_dscd
sda              43.20         0.53       558.21         0.00         32      33492          0


avg-cpu:  %user   %nice %system %iowait  %steal   %idle
           5.54    0.00    3.15    0.15    0.03   91.14

Device             tps    kB_read/s    kB_wrtn/s    kB_dscd/s    kB_read    kB_wrtn    kB_dscd
sda              49.63         0.00       782.43         0.00          0      46946          0


