/dev/sda4       160G   49G  112G  31% /
devtmpfs        4.0M     0  4.0M   0% /dev
tmpfs            16G   84K   16G   1% /dev/shm
tmpfs           6.3G   83M  6.2G   2% /run
shm              64M     0   64M   0% /run/containers/storage/overlay-containers/d726819442c1ca39b8aad30f5c1761b1270ab848064e24be0a16e651c7af2d96/userdata/shm
shm              64M     0   64M   0% /run/containers/storage/overlay-containers/8fb6df2e27b44ce0d9155f2aeb4fdb5e04d7dc730edafdaa1239b43f872065c7/userdata/shm
shm              64M     0   64M   0% /run/containers/storage/overlay-containers/8160416c118ab5aa5adab6e325078f89702208a4fc4c5b5250a2bede1c8075d2/userdata/shm
shm              64M  4.0K   64M   1% /run/containers/storage/overlay-containers/820f9991d3bb58b57088720a70e9eb007b150f97fb450a0f6a6c34c3132ef8d7/userdata/shm
shm              64M     0   64M   0% /run/containers/storage/overlay-containers/7f48f4d867055c44ce1b191226daef48c8d42e1e48c7d7c378bae5ffcfc7ea4c/userdata/shm
shm              64M     0   64M   0% /run/containers/storage/overlay-containers/cb80ee1d07ea0fdf01b9761c096a9d910f3dcebacb9670dcdc4dd9e7aa1f689a/userdata/shm
shm              64M     0   64M   0% /run/containers/storage/overlay-containers/ae0ef8e9e2475a9e9add2c41047d12294b16e5a70aa0291fb321ec5929fd17b2/userdata/shm
shm              64M     0   64M   0% /run/containers/storage/overlay-containers/779a13515f4383470d131c5e054c5a236817f0d57936cfd8e37f4e1040e161c6/userdata/shm
shm              64M     0   64M   0% /run/containers/storage/overlay-containers/43188768041d0ff85ab5010bebfc924984ce900b947ad04f481f29ab81571ef6/userdata/shm
shm              64M     0   64M   0% /run/containers/storage/overlay-containers/fbf092211c4497d27cd2d423bbee86db89c20c8f4eb24198bdeebb0e2e9108af/userdata/shm
shm              64M     0   64M   0% /run/containers/storage/overlay-containers/ec3c6329cbb8e8340c8ce164770d1fb157464b49a4d204df391a21d6dfb3e234/userdata/shm
shm              64M     0   64M   0% /run/containers/storage/overlay-containers/06fd2ec36f0de675580cf4ad80ad695917f1977fbe2154dd47f06a397e1f3bbd/userdata/shm
shm              64M     0   64M   0% /run/containers/storage/overlay-containers/71523f974d35ed12a21bbf1c02b56e55826c0993741c091938304eee856cca81/userdata/shm
shm              64M     0   64M   0% /run/containers/storage/overlay-containers/6ad4d950b8a22c21aee57005969b19d70e3c7bab6a9fc7bb8d86a5a8d9f314f7/userdata/shm
shm              64M     0   64M   0% /run/containers/storage/overlay-containers/18e4c1ca80911d7e739a123a190b603fb01061e56581ac2fe06b19e435acd2f3/userdata/shm
shm              64M     0   64M   0% /run/containers/storage/overlay-containers/432d2da0232c7d3851617389bb6bcb086714148f061d81e6c8ee1b573657ba9d/userdata/shm
shm              64M     0   64M   0% /run/containers/storage/overlay-containers/90e79c85e49132b261ff3a6e772a2c16bbe8a64f358c7d96b32e7594d0ef8f7c/userdata/shm
shm              64M     0   64M   0% /run/containers/storage/overlay-containers/9f548fc673265697b4472354f715332bb0bc294c1d645eac140988c6e3f68fbc/userdata/shm
shm              64M     0   64M   0% /run/containers/storage/overlay-containers/d0d3b349774926eba69180262dbb7005e3c1615152fad82ec71614251235060c/userdata/shm
shm              64M     0   64M   0% /run/containers/storage/overlay-containers/b23a5c1cf2e94ff429d3469bb7734facd6447f2af71df5be6320c6da41d34d8b/userdata/shm
shm              64M     0   64M   0% /run/containers/storage/overlay-containers/09b49a173a42ef39cde8a7fc3c2fb6976f143bf4ed3608873a7743d4c7f167e1/userdata/shm
shm              64M     0   64M   0% /run/containers/storage/overlay-containers/b565ae633e121717507bc9119c86b2cd2dc667052bb82b394ad2e7c3234aec3d/userdata/shm
shm              64M     0   64M   0% /run/containers/storage/overlay-containers/7aacc5e47d617393e792c01a1ce67446b50b345a8b6192e55ba52a050f52a4ca/userdata/shm
shm              64M     0   64M   0% /run/containers/storage/overlay-containers/f2e342552ea353230d7076e6aa9cea5bdf20fd162cadfacb42ad8fefffc6f45a/userdata/shm
shm              64M     0   64M   0% /run/containers/storage/overlay-containers/4eda1cb381a63be0445f726de3862e135afbcdf8a302e64409e7e88e946c841f/userdata/shm
shm              64M     0   64M   0% /run/containers/storage/overlay-containers/e93f57a52736aec3979b5cd59d0202fdc11243388a293c0ea9e67b6033b0951c/userdata/shm
shm              64M     0   64M   0% /run/containers/storage/overlay-containers/1946c342177cdb4c2b7360ace23e1ea5d09de162e55d901b9c7e3eb98b445188/userdata/shm
shm              64M     0   64M   0% /run/containers/storage/overlay-containers/490ef8a0bdb4901a8589d2fb7f12ea6612d9887cb8f2532a6d87875bf7f38271/userdata/shm
shm              64M     0   64M   0% /run/containers/storage/overlay-containers/b80f9cf923a6724864686ca466d64f76401cfae0b4c5ca34c837c92f95b0ca6d/userdata/shm
shm              64M     0   64M   0% /run/containers/storage/overlay-containers/4d5ffd4411c02ca0a93c81a512ac94b3ba8439f1050ff2e773d8f22f8a1bd0af/userdata/shm
shm              64M     0   64M   0% /run/containers/storage/overlay-containers/16aa054d96cb18961353c70cf3c9cee59e347cca54c3aea7460f1b48123a10eb/userdata/shm
shm              64M     0   64M   0% /run/containers/storage/overlay-containers/9a14d45f3838e9a6dcb10d529a7aa50634ac560daa6d3274e624716f6c73805e/userdata/shm
shm              64M     0   64M   0% /run/containers/storage/overlay-containers/e05f11e66f30ff1ac89b700dc8adf4a5bf740399f5ef986b0047a3df540f9d2a/userdata/shm
shm              64M     0   64M   0% /run/containers/storage/overlay-containers/8c6239db7ad6d33bc34340711c9bfb188f59c9c0be0899f42358d86d193dcabe/userdata/shm
shm              64M     0   64M   0% /run/containers/storage/overlay-containers/40de3d5b0f510cad493476fd48732f5a725d79ee87a9fd1bce6188c36f700965/userdata/shm
shm              64M     0   64M   0% /run/containers/storage/overlay-containers/709b1ebbfcd8187dfcf505c9ab94eb92a0fa3e07f3cd0d1001a4f5f86de10e23/userdata/shm
tmpfs            16G   16K   16G   1% /tmp
overlay         160G   49G  112G  31% /var/lib/containers/storage/overlay/84d0b1d292e9c8f9a413018ed4b22bd95a8a86394c49b67c7c83db22e3ffbe4a/merged
overlay         160G   49G  112G  31% /var/lib/containers/storage/overlay/d20ff5992b8dd82271ddf1f85a0e460ea6ee57a2f8fe31ad172c0178f1c7cc38/merged
overlay         160G   49G  112G  31% /var/lib/containers/storage/overlay/3b80f58e5753524e99cf90a7ba0f8a391aae4ee32b042ee90e547add39a17ced/merged
overlay         160G   49G  112G  31% /var/lib/containers/storage/overlay/f2ef5e5d3fc21334b4b05f7bcd49f12ea07fd07d3895c16e8969e6b6e518ad85/merged
overlay         160G   49G  112G  31% /var/lib/containers/storage/overlay/f9c30f81f0b825ee5dd8aae22e141d85e6ce6c91afc530dc256b4094a8c7374e/merged
overlay         160G   49G  112G  31% /var/lib/containers/storage/overlay/56b10f9c02ca96c0735ae463b4cb83b7c8b47ee6607603ec70637d7ec8b1b19a/merged
overlay         160G   49G  112G  31% /var/lib/containers/storage/overlay/7f54f0ba92774846468e8ad336f4113ef96ffced4660dd210d046b23730dc52c/merged
overlay         160G   49G  112G  31% /var/lib/containers/storage/overlay/1602af66460617124c1e4373c9edee63b5f8508663bb3a660dd3df9496917d85/merged
overlay         160G   49G  112G  31% /var/lib/containers/storage/overlay/2727de6a5b8f27ef0709832bffbf3c365750c0bcc1d964a217326664aa816811/merged
overlay         160G   49G  112G  31% /var/lib/containers/storage/overlay/7087e354ab5dad611f420ff54d220bc8b810e22a8acd6d8ed933416e9669263e/merged
overlay         160G   49G  112G  31% /var/lib/containers/storage/overlay/e6e3dbef76cc87c873875c4a3f0cd097182186ff1d9c73d0870eebf96de4031c/merged
overlay         160G   49G  112G  31% /var/lib/containers/storage/overlay/b155f37d847f4c9f5346ef2af98efb95239aaed74298a462310f8043b255c580/merged
overlay         160G   49G  112G  31% /var/lib/containers/storage/overlay/e9ccd82b7e928a2fd5d6bfda4855bd6422fde2b8f067b5d87f85a57b31a57005/merged
overlay         160G   49G  112G  31% /var/lib/containers/storage/overlay/8bf9fcbd2bf3cc6bfc45369b000a5fdfca306b20671afe15fe4dd5d16463bb87/merged
overlay         160G   49G  112G  31% /var/lib/containers/storage/overlay/054ebbcfd9f3d79c00f6f45698f70303852bef6fad3c66501f633ce06a140015/merged
overlay         160G   49G  112G  31% /var/lib/containers/storage/overlay/118081eaa93abde2db3767aa9705de7feabcc3f44002023ae3206bc332bcae2d/merged
overlay         160G   49G  112G  31% /var/lib/containers/storage/overlay/36f0b2d981be4a681b1b371865614f5fe033332437f4e0cd497a6e451bd3f351/merged
tmpfs            31G   28K   31G   1% /var/lib/kubelet/pods/178ffeb9-7d37-4c0d-a634-851313f22736/volumes/kubernetes.io~secret/node-bootstrap-token
tmpfs            31G  8.0K   31G   1% /var/lib/kubelet/pods/f6c5ca07-8fbc-4309-b19c-d7a6b184c9c8/volumes/kubernetes.io~secret/proxy-tls
tmpfs            31G  8.0K   31G   1% /var/lib/kubelet/pods/d31d3dad-2e26-457d-8675-7b88e9d35514/volumes/kubernetes.io~secret/webhook-cert
tmpfs            31G  8.0K   31G   1% /var/lib/kubelet/pods/00666825-a0e2-4575-915c-8ef2438119b7/volumes/kubernetes.io~secret/node-exporter-tls
tmpfs            31G  8.0K   31G   1% /var/lib/kubelet/pods/ccef4dbc-e772-4558-986b-214affe584c3/volumes/kubernetes.io~secret/ovn-node-metrics-cert
tmpfs            31G  4.0K   31G   1% /var/lib/kubelet/pods/00666825-a0e2-4575-915c-8ef2438119b7/volumes/kubernetes.io~secret/node-exporter-kube-rbac-proxy-config
tmpfs            31G  8.0K   31G   1% /var/lib/kubelet/pods/178ffeb9-7d37-4c0d-a634-851313f22736/volumes/kubernetes.io~secret/certs
tmpfs            31G   20K   31G   1% /var/lib/kubelet/pods/f185cbab-0b84-4059-beeb-196b640399f4/volumes/kubernetes.io~projected/kube-api-access-zlkhm
tmpfs            31G   20K   31G   1% /var/lib/kubelet/pods/da1232c1-d9a5-41d9-873d-967a068f9405/volumes/kubernetes.io~projected/kube-api-access-bm5jj
tmpfs            31G   20K   31G   1% /var/lib/kubelet/pods/d31d3dad-2e26-457d-8675-7b88e9d35514/volumes/kubernetes.io~projected/kube-api-access-clr45
tmpfs            31G   20K   31G   1% /var/lib/kubelet/pods/00666825-a0e2-4575-915c-8ef2438119b7/volumes/kubernetes.io~projected/kube-api-access-72kwh
tmpfs            31G   20K   31G   1% /var/lib/kubelet/pods/ccef4dbc-e772-4558-986b-214affe584c3/volumes/kubernetes.io~projected/kube-api-access-5bdfl
tmpfs            31G   20K   31G   1% /var/lib/kubelet/pods/20f81809-c331-4835-8a87-654149c668c9/volumes/kubernetes.io~projected/kube-api-access-xp6xl
tmpfs            31G   20K   31G   1% /var/lib/kubelet/pods/e390adab-c974-4af7-8de6-6dff2d140318/volumes/kubernetes.io~projected/kube-api-access-qpq7t
tmpfs            31G   20K   31G   1% /var/lib/kubelet/pods/2a1d8435-c6a8-47ad-8e52-f9a127cee3b8/volumes/kubernetes.io~projected/kube-api-access-tppgp
tmpfs            31G   20K   31G   1% /var/lib/kubelet/pods/f6c5ca07-8fbc-4309-b19c-d7a6b184c9c8/volumes/kubernetes.io~projected/kube-api-access-hs4n5
tmpfs            31G   20K   31G   1% /var/lib/kubelet/pods/178ffeb9-7d37-4c0d-a634-851313f22736/volumes/kubernetes.io~projected/kube-api-access-dc7x7
tmpfs            31G   20K   31G   1% /var/lib/kubelet/pods/4064a427-b9d5-49be-9968-3541f1c6d047/volumes/kubernetes.io~projected/kube-api-access-lzrnk
tmpfs            31G   20K   31G   1% /var/lib/kubelet/pods/1ccaf2fe-54b5-4203-b4f4-7b87abefdc1a/volumes/kubernetes.io~projected/kube-api-access-k2m6x
tmpfs            31G   20K   31G   1% /var/lib/kubelet/pods/4268ba76-176d-4279-a050-8d2de2fe0d73/volumes/kubernetes.io~projected/kube-api-access-pq2sk
tmpfs            31G   20K   31G   1% /var/lib/kubelet/pods/f73425f4-31eb-40b2-93b0-26690446c93a/volumes/kubernetes.io~projected/kube-api-access-6l8sf
overlay         160G   49G  112G  31% /var/lib/containers/storage/overlay/2c7f2520921386026cd1cf1be656373f761632215b7dd1584581d93f0a20add2/merged
overlay         160G   49G  112G  31% /var/lib/containers/storage/overlay/832a0bf248b2a66ecc0ea1decca3ddc4afe48b6c2834ed9f83e62cd60d5c7e5e/merged
overlay         160G   49G  112G  31% /var/lib/containers/storage/overlay/2c7a39ef9c3b77cfad4f3e5286ed5a31f47fe9c1ed6426562358feedb6eb636e/merged
overlay         160G   49G  112G  31% /var/lib/containers/storage/overlay/4ff445355a76d361282461e813bd5873b780069b53d1312f1524e3aa006b2173/merged
overlay         160G   49G  112G  31% /var/lib/containers/storage/overlay/d06a4b6ecad1d5244d2ea8259f7e6eba5c29f4c85d1967d6de854be35aa00302/merged
overlay         160G   49G  112G  31% /var/lib/containers/storage/overlay/8f519738c245b4dc3060c1af1745e92fc30de2b25f9f4903ac77d56daee79142/merged
overlay         160G   49G  112G  31% /var/lib/containers/storage/overlay/0ae12fa99d4f52fd65c2c2e2991c0d1ce5da343a74d2b4e330453ab626b214d8/merged
overlay         160G   49G  112G  31% /var/lib/containers/storage/overlay/f045a8f7b87999aff339a197d6330c16a580eff221be904af88f0a8f13b59df8/merged
overlay         160G   49G  112G  31% /var/lib/containers/storage/overlay/49f390dfee64bb26627b1a7d9d6e070c672503c427a6ff5c99021ba198ed8601/merged
overlay         160G   49G  112G  31% /var/lib/containers/storage/overlay/c474e51af73243f5d6c842b41bd765cf74ed0c217cbfe3a1e327cce6f4beb921/merged
overlay         160G   49G  112G  31% /var/lib/containers/storage/overlay/e83412f015b922eaebbe11feadd408dc9b160b534783997e7c75498b74eca7bc/merged
overlay         160G   49G  112G  31% /var/lib/containers/storage/overlay/51837cd261b2f1f6e2c3b469935aa08517f65d19888b448cbe4cbf996e987d2e/merged
overlay         160G   49G  112G  31% /var/lib/containers/storage/overlay/6b410ac926365c272a49ac1ea6edb979e5525e46f51a97656c3b86a588a202a2/merged
overlay         160G   49G  112G  31% /var/lib/containers/storage/overlay/d3fe85629c0abbaea7c0cf36d5e5c84cac558c3f4873e3422ac706506b8ca846/merged
overlay         160G   49G  112G  31% /var/lib/containers/storage/overlay/a057a0bbb3f1d417d78ce9d945d7cff5e38980200ea4dbebe6c0121fac3b7d55/merged
overlay         160G   49G  112G  31% /var/lib/containers/storage/overlay/76d50136d560e74965594fad2b5b28b70632fd9ffb41f9fedd1ebead0ccdcff6/merged
overlay         160G   49G  112G  31% /var/lib/containers/storage/overlay/016f669e432887d814f6531eba350c3cae4c61302735979426e225666c1a9aeb/merged
overlay         160G   49G  112G  31% /var/lib/containers/storage/overlay/a7202ee25f20d34f2a066e16fa42f9f33438eca01956477b66440e8519c1421c/merged
overlay         160G   49G  112G  31% /var/lib/containers/storage/overlay/06cc01d8e0cd38b9bdc032a8624918976eadc2aaf07bdd9da138ab0422eaa1e0/merged
overlay         160G   49G  112G  31% /var/lib/containers/storage/overlay/6c1ee842514a03e322daa5246b8a1e71a0457bde6abd20f02088f85e5853b58a/merged
overlay         160G   49G  112G  31% /var/lib/containers/storage/overlay/2166a7cd6acf011d2136e9a3656c4a717a70e57cecc1c735755e8151fcdb54da/merged
overlay         160G   49G  112G  31% /var/lib/containers/storage/overlay/4fd75dae6b8eac1d19a0b70a357dcb6de8c65c80ee67dfc78e9d202353895197/merged
overlay         160G   49G  112G  31% /var/lib/containers/storage/overlay/c3d4076818740c2e715b8af07b3573974c261c244cb84795cc315581872b6688/merged
overlay         160G   49G  112G  31% /var/lib/containers/storage/overlay/f64e40dbbf03d36a41b4f06dd3da61edd2e6987eae05a39f81078376a41bfd2c/merged
overlay         160G   49G  112G  31% /var/lib/containers/storage/overlay/9727da356852de11583974316e53d941ecfab26f80971a404b3b85d23e392ddc/merged
overlay         160G   49G  112G  31% /var/lib/containers/storage/overlay/6e8a5b9188f47fb4cba601b6c98bd515f39c8ae0dba3171b3cb5e7062d0f756c/merged
overlay         160G   49G  112G  31% /var/lib/containers/storage/overlay/5c6e5f3a69c84015609c855e9e255272edbac86e91ac94a3c72189afe24f4d87/merged
overlay         160G   49G  112G  31% /var/lib/containers/storage/overlay/d4b1cff4d117b66e68e28712546de730dd08ca1c3e21d7e2a778a6c3f3093f10/merged
overlay         160G   49G  112G  31% /var/lib/containers/storage/overlay/300cb1907378cb70f18f0ec23b8d11a85658db6f8e41e4df3da24c07afd535dd/merged
overlay         160G   49G  112G  31% /var/lib/containers/storage/overlay/b836387274ffaeae4b4a34cf2af37fabcfcefadcfedc451a13cfb55f8da983eb/merged
overlay         160G   49G  112G  31% /var/lib/containers/storage/overlay/0c6e1587572b0cab6acb403d03bd82ec0d286396f234a656ba49446d9db07233/merged
overlay         160G   49G  112G  31% /var/lib/containers/storage/overlay/c6f6e00d9444710a7fc3903f5e9b9a4ac10ab93b84a8f251d97c648ca1b9d350/merged
overlay         160G   49G  112G  31% /var/lib/containers/storage/overlay/1b85e44849cf8a6970b45b70c29a18f9e222ed2a5adc7ffe71daed2150975e2c/merged
overlay         160G   49G  112G  31% /var/lib/containers/storage/overlay/234a07f7404a142c7a59b10f7e98cdb4c1c6cda6e2b98ca0bd35e1f575699c3d/merged
overlay         160G   49G  112G  31% /var/lib/containers/storage/overlay/17ec0307400ffb981ce5cc34ad30596f8b313fa868e22cd88a3e2e59ae6f0c80/merged
overlay         160G   49G  112G  31% /var/lib/containers/storage/overlay/ee0198520a9a6019a2d1864db3c704019e37165cfeb72049088293ce4597fece/merged
overlay         160G   49G  112G  31% /var/lib/containers/storage/overlay/d5f4088c76036a71ea0ecaac807981702da46a496bf760f362d346689778127f/merged
overlay         160G   49G  112G  31% /var/lib/containers/storage/overlay/8c8ef7ab3cfc2279414b9318012a2f8c7eef51383227a2f67ff7284156181394/merged
overlay         160G   49G  112G  31% /var/lib/containers/storage/overlay/cbb38af0bf10b881576fe8f6375b16ff11bdb2f5e140af0e08e561a250136b72/merged
overlay         160G   49G  112G  31% /var/lib/containers/storage/overlay/00ef495412e07b4811d820268bd1ee47c9611b64d63e0719776117202c699440/merged
overlay         160G   49G  112G  31% /var/lib/containers/storage/overlay/fa8ebba356c1af5156f36c8f3945880d0f5fa2889c8c4d4e7e6a5c539fa71c1d/merged
overlay         160G   49G  112G  31% /var/lib/containers/storage/overlay/1b99d54e818ddafb61e398011acfdac34261bb3249e55562fbeb6925beb6711d/merged
overlay         160G   49G  112G  31% /var/lib/containers/storage/overlay/e94581970de752c9bc3cf83101b33c29cea9666782130f3ad016b7ce3c143744/merged
overlay         160G   49G  112G  31% /var/lib/containers/storage/overlay/656f235b3e114d6a93d56b2cca10a950f69c495799fdb3cf6b26d408dbcdc72a/merged
overlay         160G   49G  112G  31% /var/lib/containers/storage/overlay/92dcb7b732fd2511c662d9a9ebd796fec80fc94689ac4eb5810a62f400b5e65e/merged
overlay         160G   49G  112G  31% /var/lib/containers/storage/overlay/ecf3392640749abdf39c9951903093082ae2454391d2195a8027a655b5a12f9b/merged
overlay         160G   49G  112G  31% /var/lib/containers/storage/overlay/85457c47149eaa19b4a44f32c7710e64fb8af769877537af8c39a63ad8841dac/merged
overlay         160G   49G  112G  31% /var/lib/containers/storage/overlay/fff876333a56f6137213beae4ea3b27241e0d3ddccb887f986e66cfacb274672/merged
overlay         160G   49G  112G  31% /var/lib/containers/storage/overlay/11200dc3568dbbaa214314acd42b2ae39c119b50d5d5431ef3b995344aafad5b/merged
overlay         160G   49G  112G  31% /var/lib/containers/storage/overlay/1b6039cb5db1e24578362842161ec8a0b5b48322dc22bfdceb543c97b0cd0ebd/merged
overlay         160G   49G  112G  31% /var/lib/containers/storage/overlay/996ca343b089ac2057fae408c721cd481f352f2b5282e05cc8c1fb97225badd5/merged
overlay         160G   49G  112G  31% /var/lib/containers/storage/overlay/cafcd2c29ff938ed188486dd14a8e6d444668a837f1165101d16a15df33923e6/merged
tmpfs            31G   20K   31G   1% /var/lib/kubelet/pods/8a8b95cb-0545-412b-9133-ff2e378dfa1b/volumes/kubernetes.io~projected/kube-api-access-zmvnm
overlay         160G   49G  112G  31% /var/lib/containers/storage/overlay/82647db2d16d2450ff06945300c8a0beaa288344dcac12e4fcabf489678251ed/merged
overlay         160G   49G  112G  31% /var/lib/containers/storage/overlay/edd19bcc0e8ff405bbbb0751e5ecde5ec2b73e13ae0883d68501aff511d6eb04/merged
tmpfs            31G  8.0K   31G   1% /var/lib/kubelet/pods/1ccaf2fe-54b5-4203-b4f4-7b87abefdc1a/volumes/kubernetes.io~secret/metrics-tls
tmpfs            31G  8.0K   31G   1% /var/lib/kubelet/pods/2a1d8435-c6a8-47ad-8e52-f9a127cee3b8/volumes/kubernetes.io~secret/metrics-certs
tmpfs            31G   20K   31G   1% /var/lib/kubelet/pods/293a9f51-f477-48b5-b5a0-202d77f60797/volumes/kubernetes.io~projected/kube-api-access-hrwvs
overlay         160G   49G  112G  31% /var/lib/containers/storage/overlay/2ec1103a7f04a87d356ca1800d438d5a3e03814767877ab6a55e586625bbdd5c/merged
overlay         160G   49G  112G  31% /var/lib/containers/storage/overlay/d221e26136df44560815f5b40fee694ff0fe601d00fc1f1b6a8a0841749210ef/merged
overlay         160G   49G  112G  31% /var/lib/containers/storage/overlay/f1f1b906c0d9c0241f78883063497ecc95c37bcb59271d09e8c760e2cc363f70/merged
overlay         160G   49G  112G  31% /var/lib/containers/storage/overlay/0bac6a1179e2b312743707632a29065a7b752c4c1b9f08350ae2e68dc68b30ac/merged
overlay         160G   49G  112G  31% /var/lib/containers/storage/overlay/866086aaa4599f6a29120bcc706587c2a5da5fbef6e7b1edaf2cc4c694975165/merged
overlay         160G   49G  112G  31% /var/lib/containers/storage/overlay/b4e9474fbad755bae7000053690578bf4bbd8877fcc41c4598fb250caa965d30/merged
overlay         160G   49G  112G  31% /var/lib/containers/storage/overlay/4981fe0af89130a4d34dd906a5158005a3584fa4ed377b6f2c8669f3791ac058/merged
overlay         160G   49G  112G  31% /var/lib/containers/storage/overlay/3139a526ce597a93368d5ec1935f0c0a7fe5bf65388b1b91812d819c5776ed01/merged
tmpfs            31G   20K   31G   1% /var/lib/kubelet/pods/0a7b39d2-25ae-4991-990a-29581b977b48/volumes/kubernetes.io~projected/kube-api-access-46l4f
overlay         160G   49G  112G  31% /var/lib/containers/storage/overlay/b1317e80a57f01bcdbdb3dce7154b548a8d5ae5125350b850164bfcf3b7cb878/merged
overlay         160G   49G  112G  31% /var/lib/containers/storage/overlay/7c027a5dfa07bef6ebf60b39f482cb17c3e368353112d55a3f33d98522410770/merged
tmpfs            31G   20K   31G   1% /var/lib/kubelet/pods/a68a10b1-5ba5-4285-9712-de33fd7ed881/volumes/kubernetes.io~projected/kube-api-access-rtkrt
overlay         160G   49G  112G  31% /var/lib/containers/storage/overlay/b8efb22c976796af086b1c1f2e84d1afcabade835a3458f75b0d823378cd4fe5/merged
overlay         160G   49G  112G  31% /var/lib/containers/storage/overlay/8d7fdfc79679fce5989889a2498c96c4237f7aa1cfcf5ad1a7ba439602cc61b3/merged
tmpfs            31G   20K   31G   1% /var/lib/kubelet/pods/4ef8f8bd-c856-4039-a997-5eee47c79e3a/volumes/kubernetes.io~projected/kube-api-access-99wsw
overlay         160G   49G  112G  31% /var/lib/containers/storage/overlay/d6d53d868152139dde69ac2e04f3aadb7b4943f71d0a48efb4cdabec736666ae/merged
overlay         160G   49G  112G  31% /var/lib/containers/storage/overlay/65f2fbb86eb51e38b5af7860a20a28d4b0c7c45a8fd15e1965e91bffc537307c/merged
tmpfs            31G  8.0K   31G   1% /var/lib/kubelet/pods/384a4215-96f1-4bcc-8193-9e8c1be8844b/volumes/kubernetes.io~secret/etcd-client
tmpfs            31G  8.0K   31G   1% /var/lib/kubelet/pods/384a4215-96f1-4bcc-8193-9e8c1be8844b/volumes/kubernetes.io~secret/serving-cert
tmpfs            31G     0   31G   0% /var/lib/kubelet/pods/384a4215-96f1-4bcc-8193-9e8c1be8844b/volumes/kubernetes.io~secret/encryption-config
tmpfs            31G  8.0K   31G   1% /var/lib/kubelet/pods/9e953718-2c4c-414e-8e89-9af68762a81d/volumes/kubernetes.io~secret/etcd-client
tmpfs            31G  8.0K   31G   1% /var/lib/kubelet/pods/9e953718-2c4c-414e-8e89-9af68762a81d/volumes/kubernetes.io~secret/serving-cert
tmpfs            31G     0   31G   0% /var/lib/kubelet/pods/9e953718-2c4c-414e-8e89-9af68762a81d/volumes/kubernetes.io~secret/encryption-config
tmpfs            31G   20K   31G   1% /var/lib/kubelet/pods/384a4215-96f1-4bcc-8193-9e8c1be8844b/volumes/kubernetes.io~projected/kube-api-access-jclb2
tmpfs            31G   20K   31G   1% /var/lib/kubelet/pods/9e953718-2c4c-414e-8e89-9af68762a81d/volumes/kubernetes.io~projected/kube-api-access-tl4lq
overlay         160G   49G  112G  31% /var/lib/containers/storage/overlay/c22a2e2e902eb983db1d4145e2cc923f9f271d4756cb6c6343359410e4996b16/merged
overlay         160G   49G  112G  31% /var/lib/containers/storage/overlay/ab5c9e08c2b89093c619424eea314fc5de5a549cc98ff429ef1b26acd6990317/merged
overlay         160G   49G  112G  31% /var/lib/containers/storage/overlay/1dd4a09aa3305872644d8a698d702db0eaa7e9c85df7f0f6549496ae65e053e3/merged
overlay         160G   49G  112G  31% /var/lib/containers/storage/overlay/eb47098a70f689a128415678711bdfd2437ec1fc0575945119b0a54dd1ae22b6/merged
overlay         160G   49G  112G  31% /var/lib/containers/storage/overlay/0219b04cfd494391896339ca20a88589580f1370fb000664d1fcd008bcef0214/merged
overlay         160G   49G  112G  31% /var/lib/containers/storage/overlay/0fff903ea89510e449b514b0d8fed9408f01a4cb5e4821584be305ffa8b0953b/merged
tmpfs            31G   20K   31G   1% /var/lib/kubelet/pods/28dc188c-3dcf-4c6d-a656-a660ca22a502/volumes/kubernetes.io~projected/kube-api-access-c5cfn
overlay         160G   49G  112G  31% /var/lib/containers/storage/overlay/09fa69961b9741a9ff4af6dedcd1b114037f7a356ce1ba6c4dcc48467fd7f05a/merged
overlay         160G   49G  112G  31% /var/lib/containers/storage/overlay/7d4db74b82b09173b370b2098bdbaff17bc54832607a616562c23ea17c498ae6/merged
overlay         160G   49G  112G  31% /var/lib/containers/storage/overlay/50469b415f5d23db3cf1b90655375368ffb41a91aa3fe403fc6cd042620a977e/merged
overlay         160G   49G  112G  31% /var/lib/containers/storage/overlay/997ab87fee3ea993a4bc8ed5da74b750158807e9841fcbc62f00173bcf151267/merged
overlay         160G   49G  112G  31% /var/lib/containers/storage/overlay/ee2967898d1488aa1ed51af066ac636d03c1417a162899761fbeeed14f9a5921/merged
overlay         160G   49G  112G  31% /var/lib/containers/storage/overlay/9c672b2c5a6cc4550c9225c2153dd474263100fbcff00d67c3eeea6b77c84dd5/merged
overlay         160G   49G  112G  31% /var/lib/containers/storage/overlay/ddb422a883146989ed53400b7ce79e1d8459e92e255b004042d0ebd42f7c0aa5/merged
overlay         160G   49G  112G  31% /var/lib/containers/storage/overlay/c77c8c262d062a7cf07fdc1598907a507866d89a74d62050aca6074ca1a69cd1/merged
overlay         160G   49G  112G  31% /var/lib/containers/storage/overlay/739ed6ff0f5cef6b5469d2b5d0f155395f5789abf27c9eeabb373891f1e65850/merged
overlay         160G   49G  112G  31% /var/lib/containers/storage/overlay/61897faf4dfe09e9d78c0b2908991f4676a36fc685eededdf390fc048df6c8e0/merged
overlay         160G   49G  112G  31% /var/lib/containers/storage/overlay/22ba96c5d254a6f6ea648ff0dedea056ed695bb943187ce8f425c2b2155773d9/merged
tmpfs            31G  8.0K   31G   1% /var/lib/kubelet/pods/97147d10-0824-4f3e-9ac7-342bff335648/volumes/kubernetes.io~secret/serving-cert
tmpfs            31G   20K   31G   1% /var/lib/kubelet/pods/97147d10-0824-4f3e-9ac7-342bff335648/volumes/kubernetes.io~projected/kube-api-access-rql92
overlay         160G   49G  112G  31% /var/lib/containers/storage/overlay/3ee2e78e75c0463bb708899da1754c4e87d0d4e8a4903ad355ee5f1d80693c1f/merged
tmpfs            31G  8.0K   31G   1% /var/lib/kubelet/pods/9eb4ea92-d68b-4a36-a631-ea8b2c1a31ed/volumes/kubernetes.io~secret/serving-cert
tmpfs            31G   20K   31G   1% /var/lib/kubelet/pods/9eb4ea92-d68b-4a36-a631-ea8b2c1a31ed/volumes/kubernetes.io~projected/kube-api-access-jphr4
overlay         160G   49G  112G  31% /var/lib/containers/storage/overlay/5ba6a20aa8398934330c7d7eb8c58a1db5c9fc8685efc44fedf8295e56b5835c/merged
overlay         160G   49G  112G  31% /var/lib/containers/storage/overlay/baac61db12bb78f9011d4f06daeb6435e82786243b6c2b212c440a4ca2d7b2de/merged
overlay         160G   49G  112G  31% /var/lib/containers/storage/overlay/80c6af66f9d8c722fec1c8fb70d636c9352814c95b372724fa8c0e9874a34208/merged
...
overlay         160G   49G  112G  31% /var/lib/containers/storage/overlay/7a07a7cbdd4735dbd49b5493b35c7eec64c9a9c641c9d07f3aac033276647ff8/merged
overlay         160G   49G  112G  31% /var/lib/containers/storage/overlay/b016b415318661de1560a49c1f82691e7ec70df6e6a4e1f26c5b368a80a9db34/merged
tmpfs            31G   20K   31G   1% /var/lib/kubelet/pods/dfad56bb-01cf-4714-9cc5-3a889f137be3/volumes/kubernetes.io~projected/kube-api-access-dbcl4
overlay         160G   49G  112G  31% /var/lib/containers/storage/overlay/b6896e5f0585a6078f33691b7ccdeb56e4d87dc352c2e749e778abcbe63f9a57/merged
overlay         160G   49G  112G  31% /var/lib/containers/storage/overlay/64c34c932134f641b02887597f668898f85239ef99fbcbee0a384275246dda70/merged
overlay         160G   49G  112G  31% /var/lib/containers/storage/overlay/5f97800860ed106b64f83939f79a286db4cb01bbf531afaf83797db587c9f659/merged
overlay         160G   49G  112G  31% /var/lib/containers/storage/overlay/5f029c4b375063907f58d8f43ce7ab5151831f833d858f8becf9e00aa7f54862/merged
overlay         160G   49G  112G  31% /var/lib/containers/storage/overlay/02600ec997dae7c338744dd3fcab376818343280a36f80e2937167b570ec8561/merged
overlay         160G   49G  112G  31% /var/lib/containers/storage/overlay/7c4df9b89d0b7d1c67e78598c0f7e51701dbb48ab1ea52d2b3313fdfd28ed5b6/merged
overlay         160G   49G  112G  31% /var/lib/containers/storage/overlay/ba5f171049781ad2e14b038cd1ac82592ee578c5a4abddbe2de15981395f50dc/merged
overlay         160G   49G  112G  31% /var/lib/containers/storage/overlay/ed7a983d2f59fd72a74673fa1e06e9b05f93711f66bc5ed3e1adcf5b5182dbe8/merged
overlay         160G   49G  112G  31% /var/lib/containers/storage/overlay/e796ec6a3875e67ffafaa18469d3c1291099f42d3a7cc0971216857ccb25cb11/merged
overlay         160G   49G  112G  31% /var/lib/containers/storage/overlay/21b3ca86e6ffb4a722d505bc827f226344aa3f64bbf9b4d3684d498fafec7a6d/merged
overlay         160G   49G  112G  31% /var/lib/containers/storage/overlay/feeb6cd8a05b33432f9dd215b9e5e1366bf533da7dc1549074b7aac93861a96a/merged
overlay         160G   49G  112G  31% /var/lib/containers/storage/overlay/f0be055a1269d36e78706c34eee3edcd7dd0e89ccfc5ce9cace154d9a5f5a391/merged
overlay         160G   49G  112G  31% /var/lib/containers/storage/overlay/7262d61275277a8cd1a4ff0f7fdc70ff04002c3214fa23dfe7f7018960dec7d0/merged
overlay         160G   49G  112G  31% /var/lib/containers/storage/overlay/1c5ba468abc506d9abbfd730f1c411cb0d0aa0d626df5babe2c5eca5aa102676/merged
overlay         160G   49G  112G  31% /var/lib/containers/storage/overlay/4655dae7bc263b5e4978aa5ab7ad79021c00d6bd61f2d4e844ff80b187f7e2a9/merged
overlay         160G   49G  112G  31% /var/lib/containers/storage/overlay/e2cd5b809c07f9b64ee3d84a8902873c2454437f5dec7fca12428f27313b6ba7/merged
tmpfs            31G   20K   31G   1% /var/lib/kubelet/pods/99bf26ca-b047-417b-8084-3a0f61254e52/volumes/kubernetes.io~projected/kube-api-access-gxc8p
overlay         160G   49G  112G  31% /var/lib/containers/storage/overlay/a4638d0f5000d93bbf13dac18b399f90286550f42695a62093a91cdc1ba816d5/merged
overlay         160G   49G  112G  31% /var/lib/containers/storage/overlay/517d9536f09848b4c2df99414266f8ecd2b12170b4a4b1e7d905a60725673055/merged
tmpfs            31G   20K   31G   1% /var/lib/kubelet/pods/ca747cb8-1b49-4a89-a945-3c599254da48/volumes/kubernetes.io~projected/kube-api-access-rzlgr
overlay         160G   49G  112G  31% /var/lib/containers/storage/overlay/56dd0c197093ba26811714c71da0ea011c2a3e1ea336e29318e06ee34788af24/merged
overlay         160G   49G  112G  31% /var/lib/containers/storage/overlay/40cac43e061df082d93af9c4430314b3604f2041d0e542a9ea6004533a4b0246/merged
overlay         160G   49G  112G  31% /var/lib/containers/storage/overlay/a02c1b551d43648282e038468d1323519733f40e61f5c8a51b014d9d4cb584e6/merged
overlay         160G   49G  112G  31% /var/lib/containers/storage/overlay/b1613897015922e019ec8b097caaed243767adf99ab808b1e88b7a1f8264a121/merged
overlay         160G   49G  112G  31% /var/lib/containers/storage/overlay/62385bbb68b2d7a642973e56b24a0663b144af620f63065252c34ad4a9c3214d/merged
overlay         160G   49G  112G  31% /var/lib/containers/storage/overlay/4b07035b5c99ab494830d5bea37aabcdc6c30bab57228f83ee4e2be71b381930/merged
overlay         160G   49G  112G  31% /var/lib/containers/storage/overlay/faf00d226c2420346d316872c1b329364f1dc2998c05e8142e1ab8a520e1aab9/merged
tmpfs            31G   20K   31G   1% /var/lib/kubelet/pods/59e6c7d8-ddb1-441a-bf90-90e4dc70028e/volumes/kubernetes.io~projected/kube-api-access-plcwn
overlay         160G   49G  112G  31% /var/lib/containers/storage/overlay/c3d5738c3a09734176580eb8f74857d40e3cc27f542545128b1ab3dc804c7e69/merged
overlay         160G   49G  112G  31% /var/lib/containers/storage/overlay/85ff13cb1dddf39d126e51821de29f149b22df9d96bcef5cae114db0e41c7752/merged
tmpfs            64M     0   64M   0% /var/lib/containers/storage/overlay/85ff13cb1dddf39d126e51821de29f149b22df9d96bcef5cae114db0e41c7752/merged/dev
/dev/sda3       350M  112M  216M  35% /boot
tmpfs            31G     0   31G   0% /var/lib/kubelet/pods/020ba475-67b0-4b43-9995-8a350dc61a76/volumes/kubernetes.io~secret/v4-0-config-user-template-login
tmpfs            31G  4.0K   31G   1% /var/lib/kubelet/pods/020ba475-67b0-4b43-9995-8a350dc61a76/volumes/kubernetes.io~secret/v4-0-config-system-session
tmpfs            31G  480K   31G   1% /var/lib/kubelet/pods/020ba475-67b0-4b43-9995-8a350dc61a76/volumes/kubernetes.io~secret/v4-0-config-system-ocp-branding-template
tmpfs            31G  4.0K   31G   1% /var/lib/kubelet/pods/020ba475-67b0-4b43-9995-8a350dc61a76/volumes/kubernetes.io~secret/v4-0-config-system-router-certs
tmpfs            31G     0   31G   0% /var/lib/kubelet/pods/020ba475-67b0-4b43-9995-8a350dc61a76/volumes/kubernetes.io~secret/v4-0-config-user-template-provider-selection
tmpfs            31G  8.0K   31G   1% /var/lib/kubelet/pods/020ba475-67b0-4b43-9995-8a350dc61a76/volumes/kubernetes.io~secret/v4-0-config-system-serving-cert
tmpfs            31G     0   31G   0% /var/lib/kubelet/pods/020ba475-67b0-4b43-9995-8a350dc61a76/volumes/kubernetes.io~secret/v4-0-config-user-template-error
tmpfs            31G   20K   31G   1% /var/lib/kubelet/pods/020ba475-67b0-4b43-9995-8a350dc61a76/volumes/kubernetes.io~projected/kube-api-access-nbthf
shm              64M     0   64M   0% /run/containers/storage/overlay-containers/f936eb30e416350bb4ded1213ec41dfc5069d762b0adeed48f3c7b4e4305a905/userdata/shm
overlay         160G   49G  112G  31% /var/lib/containers/storage/overlay/8ebc1a4d602f4d32f6a48b85e341beae3e160ba314c47a87a7b11b5ba6cb8ff3/merged
overlay         160G   49G  112G  31% /var/lib/containers/storage/overlay/30937a7bab386d2a2732a768db99709b6a8ec66c950bd769d5329d83760e8c3c/merged
