Copying system trust bundle
W1120 21:10:36.836685       1 feature_gate.go:239] Setting deprecated feature gate KMSv1=true. It will be removed in a future release.
I1120 21:10:36.836718       1 feature_gate.go:249] feature gates: &{map[CloudDualStackNodeIPs:true DisableKubeletCloudCredentialProviders:true DynamicResourceAllocation:false EventedPLEG:false KMSv1:true MaxUnavailableStatefulSet:false NodeSwap:false RouteExternalCertificate:false ServiceAccountTokenNodeBinding:false ServiceAccountTokenNodeBindingValidation:false ServiceAccountTokenPodNodeInfo:false TranslateStreamCloseWebsocketRequests:false ValidatingAdmissionPolicy:false]}
W1120 21:10:36.836759       1 config.go:121] Ignoring unknown FeatureGate "MachineAPIOperatorDisableMachineHealthCheckController"
W1120 21:10:36.836764       1 config.go:121] Ignoring unknown FeatureGate "MixedCPUsAllocation"
W1120 21:10:36.836768       1 config.go:121] Ignoring unknown FeatureGate "NewOLM"
W1120 21:10:36.836775       1 config.go:121] Ignoring unknown FeatureGate "VSphereControlPlaneMachineSet"
W1120 21:10:36.836779       1 config.go:121] Ignoring unknown FeatureGate "ExternalCloudProviderExternal"
W1120 21:10:36.836783       1 config.go:121] Ignoring unknown FeatureGate "GatewayAPI"
W1120 21:10:36.836787       1 config.go:121] Ignoring unknown FeatureGate "HardwareSpeed"
W1120 21:10:36.836791       1 config.go:121] Ignoring unknown FeatureGate "ExternalCloudProvider"
W1120 21:10:36.836794       1 config.go:121] Ignoring unknown FeatureGate "SigstoreImageVerification"
W1120 21:10:36.836798       1 config.go:121] Ignoring unknown FeatureGate "UpgradeStatus"
W1120 21:10:36.836801       1 config.go:121] Ignoring unknown FeatureGate "VSphereDriverConfiguration"
W1120 21:10:36.836805       1 config.go:121] Ignoring unknown FeatureGate "ClusterAPIInstallAzure"
W1120 21:10:36.836809       1 config.go:121] Ignoring unknown FeatureGate "ClusterAPIInstallIBMCloud"
W1120 21:10:36.836812       1 config.go:121] Ignoring unknown FeatureGate "ImagePolicy"
W1120 21:10:36.836816       1 config.go:121] Ignoring unknown FeatureGate "NodeDisruptionPolicy"
W1120 21:10:36.836819       1 config.go:121] Ignoring unknown FeatureGate "AzureWorkloadIdentity"
W1120 21:10:36.836823       1 config.go:121] Ignoring unknown FeatureGate "ExternalOIDC"
W1120 21:10:36.836826       1 config.go:121] Ignoring unknown FeatureGate "InsightsConfig"
W1120 21:10:36.836830       1 config.go:121] Ignoring unknown FeatureGate "OpenShiftPodSecurityAdmission"
W1120 21:10:36.836836       1 config.go:121] Ignoring unknown FeatureGate "ClusterAPIInstallOpenStack"
W1120 21:10:36.836839       1 config.go:121] Ignoring unknown FeatureGate "AutomatedEtcdBackup"
W1120 21:10:36.836843       1 config.go:121] Ignoring unknown FeatureGate "BuildCSIVolumes"
W1120 21:10:36.836846       1 config.go:121] Ignoring unknown FeatureGate "ClusterAPIInstallVSphere"
W1120 21:10:36.836850       1 config.go:121] Ignoring unknown FeatureGate "AlibabaPlatform"
W1120 21:10:36.836855       1 config.go:121] Ignoring unknown FeatureGate "DNSNameResolver"
W1120 21:10:36.836858       1 config.go:121] Ignoring unknown FeatureGate "EtcdBackendQuota"
W1120 21:10:36.836862       1 config.go:121] Ignoring unknown FeatureGate "MachineConfigNodes"
W1120 21:10:36.836866       1 config.go:121] Ignoring unknown FeatureGate "ClusterAPIInstallNutanix"
W1120 21:10:36.836869       1 config.go:121] Ignoring unknown FeatureGate "ClusterAPIInstallAWS"
W1120 21:10:36.836873       1 config.go:121] Ignoring unknown FeatureGate "ClusterAPIInstallGCP"
W1120 21:10:36.836876       1 config.go:121] Ignoring unknown FeatureGate "ExternalCloudProviderAzure"
W1120 21:10:36.836880       1 config.go:121] Ignoring unknown FeatureGate "GCPClusterHostedDNS"
W1120 21:10:36.836883       1 config.go:121] Ignoring unknown FeatureGate "MetricsCollectionProfiles"
W1120 21:10:36.836887       1 config.go:121] Ignoring unknown FeatureGate "PrivateHostedZoneAWS"
W1120 21:10:36.836893       1 config.go:121] Ignoring unknown FeatureGate "AdminNetworkPolicy"
W1120 21:10:36.836896       1 config.go:121] Ignoring unknown FeatureGate "ManagedBootImages"
W1120 21:10:36.836900       1 config.go:121] Ignoring unknown FeatureGate "NetworkDiagnosticsConfig"
W1120 21:10:36.836904       1 config.go:121] Ignoring unknown FeatureGate "ClusterAPIInstall"
W1120 21:10:36.836908       1 config.go:121] Ignoring unknown FeatureGate "ClusterAPIInstallPowerVS"
W1120 21:10:36.836911       1 config.go:121] Ignoring unknown FeatureGate "MachineAPIProviderOpenStack"
W1120 21:10:36.836915       1 config.go:121] Ignoring unknown FeatureGate "BareMetalLoadBalancer"
W1120 21:10:36.836919       1 config.go:121] Ignoring unknown FeatureGate "InstallAlternateInfrastructureAWS"
W1120 21:10:36.836922       1 config.go:121] Ignoring unknown FeatureGate "PinnedImages"
W1120 21:10:36.836926       1 config.go:121] Ignoring unknown FeatureGate "ChunkSizeMiB"
W1120 21:10:36.836929       1 config.go:121] Ignoring unknown FeatureGate "InsightsConfigAPI"
W1120 21:10:36.836933       1 config.go:121] Ignoring unknown FeatureGate "VolumeGroupSnapshot"
W1120 21:10:36.836936       1 config.go:121] Ignoring unknown FeatureGate "ExternalCloudProviderGCP"
W1120 21:10:36.836940       1 config.go:121] Ignoring unknown FeatureGate "InsightsOnDemandDataGather"
W1120 21:10:36.836944       1 config.go:121] Ignoring unknown FeatureGate "CSIDriverSharedResource"
W1120 21:10:36.836947       1 config.go:121] Ignoring unknown FeatureGate "GCPLabelsTags"
W1120 21:10:36.836953       1 config.go:121] Ignoring unknown FeatureGate "PlatformOperators"
W1120 21:10:36.836957       1 config.go:121] Ignoring unknown FeatureGate "VSphereStaticIPs"
W1120 21:10:36.836960       1 config.go:121] Ignoring unknown FeatureGate "NetworkLiveMigration"
W1120 21:10:36.836964       1 config.go:121] Ignoring unknown FeatureGate "OnClusterBuild"
W1120 21:10:36.836967       1 config.go:121] Ignoring unknown FeatureGate "VSphereMultiVCenters"
W1120 21:10:36.836971       1 config.go:121] Ignoring unknown FeatureGate "MetricsServer"
W1120 21:10:36.836974       1 config.go:121] Ignoring unknown FeatureGate "SignatureStores"
W1120 21:10:36.836978       1 config.go:121] Ignoring unknown FeatureGate "Example"
I1120 21:10:36.837865       1 dynamic_serving_content.go:113] "Loaded a new cert/key pair" name="serving-cert::/var/run/secrets/serving-cert/tls.crt::/var/run/secrets/serving-cert/tls.key"
I1120 21:10:37.758993       1 requestheader_controller.go:244] Loaded a new request header values for RequestHeaderAuthRequestController
I1120 21:10:37.761377       1 audit.go:340] Using audit backend: ignoreErrors<log>
I1120 21:10:37.762800       1 plugins.go:83] "Registered admission plugin" plugin="NamespaceLifecycle"
I1120 21:10:37.762875       1 plugins.go:83] "Registered admission plugin" plugin="ValidatingAdmissionWebhook"
I1120 21:10:37.762907       1 plugins.go:83] "Registered admission plugin" plugin="MutatingAdmissionWebhook"
I1120 21:10:37.762933       1 plugins.go:83] "Registered admission plugin" plugin="ValidatingAdmissionPolicy"
I1120 21:10:37.763247       1 admission.go:48] Admission plugin "project.openshift.io/ProjectRequestLimit" is not configured so it will be disabled.
I1120 21:10:37.766491       1 plugins.go:157] Loaded 5 mutating admission controller(s) successfully in the following order: NamespaceLifecycle,build.openshift.io/BuildConfigSecretInjector,image.openshift.io/ImageLimitRange,image.openshift.io/ImagePolicy,MutatingAdmissionWebhook.
I1120 21:10:37.766553       1 plugins.go:160] Loaded 9 validating admission controller(s) successfully in the following order: OwnerReferencesPermissionEnforcement,build.openshift.io/BuildConfigSecretInjector,build.openshift.io/BuildByStrategy,image.openshift.io/ImageLimitRange,image.openshift.io/ImagePolicy,quota.openshift.io/ClusterResourceQuota,route.openshift.io/RequiredRouteAnnotations,ValidatingAdmissionWebhook,ResourceQuota.
I1120 21:10:37.766927       1 maxinflight.go:139] "Initialized nonMutatingChan" len=3000
I1120 21:10:37.766974       1 maxinflight.go:145] "Initialized mutatingChan" len=1500
I1120 21:10:37.767022       1 maxinflight.go:116] "Set denominator for readonly requests" limit=3000
I1120 21:10:37.767061       1 maxinflight.go:120] "Set denominator for mutating requests" limit=1500
I1120 21:10:37.844709       1 store.go:1579] "Monitoring resource count at path" resource="builds.build.openshift.io" path="<storage-prefix>//builds"
I1120 21:10:37.884018       1 cacher.go:451] cacher (builds.build.openshift.io): initialized
I1120 21:10:37.887465       1 reflector.go:351] Caches populated for *build.Build from storage/cacher.go:/builds
I1120 21:10:37.903404       1 store.go:1579] "Monitoring resource count at path" resource="buildconfigs.build.openshift.io" path="<storage-prefix>//buildconfigs"
I1120 21:10:37.916328       1 handler.go:275] Adding GroupVersion build.openshift.io v1 to ResourceManager
I1120 21:10:37.916446       1 maxinflight.go:139] "Initialized nonMutatingChan" len=3000
I1120 21:10:37.916459       1 maxinflight.go:145] "Initialized mutatingChan" len=1500
I1120 21:10:37.917864       1 cacher.go:451] cacher (buildconfigs.build.openshift.io): initialized
I1120 21:10:37.918486       1 reflector.go:351] Caches populated for *build.BuildConfig from storage/cacher.go:/buildconfigs
I1120 21:10:37.944334       1 apiserver.go:156] reading image import ca path: /var/run/configmaps/image-import-ca, incoming err: <nil>
I1120 21:10:37.944361       1 apiserver.go:161] skipping dir or symlink: /var/run/configmaps/image-import-ca
I1120 21:10:37.944385       1 apiserver.go:156] reading image import ca path: /var/run/configmaps/image-import-ca/..2024_11_19_19_17_24.998512931, incoming err: <nil>
I1120 21:10:37.944390       1 apiserver.go:161] skipping dir or symlink: /var/run/configmaps/image-import-ca/..2024_11_19_19_17_24.998512931
I1120 21:10:37.944399       1 apiserver.go:156] reading image import ca path: /var/run/configmaps/image-import-ca/..data, incoming err: <nil>
I1120 21:10:37.944403       1 apiserver.go:161] skipping dir or symlink: /var/run/configmaps/image-import-ca/..data
I1120 21:10:37.958075       1 store.go:1579] "Monitoring resource count at path" resource="images.image.openshift.io" path="<storage-prefix>//images"
I1120 21:10:37.972406       1 store.go:1579] "Monitoring resource count at path" resource="imagestreams.image.openshift.io" path="<storage-prefix>//imagestreams"
I1120 21:10:37.976656       1 handler.go:275] Adding GroupVersion image.openshift.io v1 to ResourceManager
W1120 21:10:37.976675       1 genericapiserver.go:756] Skipping API image.openshift.io/1.0 because it has no resources.
W1120 21:10:37.976683       1 genericapiserver.go:756] Skipping API image.openshift.io/pre012 because it has no resources.
I1120 21:10:37.976849       1 maxinflight.go:139] "Initialized nonMutatingChan" len=3000
I1120 21:10:37.976865       1 maxinflight.go:145] "Initialized mutatingChan" len=1500
I1120 21:10:37.979896       1 handler.go:275] Adding GroupVersion project.openshift.io v1 to ResourceManager
I1120 21:10:37.979977       1 maxinflight.go:139] "Initialized nonMutatingChan" len=3000
I1120 21:10:37.979988       1 maxinflight.go:145] "Initialized mutatingChan" len=1500
I1120 21:10:37.982790       1 handler.go:275] Adding GroupVersion quota.openshift.io v1 to ResourceManager
I1120 21:10:37.982870       1 maxinflight.go:139] "Initialized nonMutatingChan" len=3000
I1120 21:10:37.982885       1 maxinflight.go:145] "Initialized mutatingChan" len=1500
I1120 21:10:38.005143       1 store.go:1579] "Monitoring resource count at path" resource="templates.template.openshift.io" path="<storage-prefix>//templates"
I1120 21:10:38.050544       1 cacher.go:451] cacher (imagestreams.image.openshift.io): initialized
I1120 21:10:38.050582       1 reflector.go:351] Caches populated for *image.ImageStream from storage/cacher.go:/imagestreams
I1120 21:10:38.058011       1 store.go:1579] "Monitoring resource count at path" resource="templateinstances.template.openshift.io" path="<storage-prefix>//templateinstances"
I1120 21:10:38.067431       1 cacher.go:451] cacher (templates.template.openshift.io): initialized
I1120 21:10:38.067536       1 reflector.go:351] Caches populated for *template.Template from storage/cacher.go:/templates
I1120 21:10:38.084979       1 cacher.go:451] cacher (templateinstances.template.openshift.io): initialized
I1120 21:10:38.085131       1 reflector.go:351] Caches populated for *template.TemplateInstance from storage/cacher.go:/templateinstances
I1120 21:10:38.095409       1 store.go:1579] "Monitoring resource count at path" resource="brokertemplateinstances.template.openshift.io" path="<storage-prefix>//brokertemplateinstances"
I1120 21:10:38.106709       1 handler.go:275] Adding GroupVersion template.openshift.io v1 to ResourceManager
I1120 21:10:38.106892       1 maxinflight.go:139] "Initialized nonMutatingChan" len=3000
I1120 21:10:38.106927       1 maxinflight.go:145] "Initialized mutatingChan" len=1500
I1120 21:10:38.127714       1 cacher.go:451] cacher (brokertemplateinstances.template.openshift.io): initialized
I1120 21:10:38.127737       1 reflector.go:351] Caches populated for *template.BrokerTemplateInstance from storage/cacher.go:/brokertemplateinstances
I1120 21:10:38.128220       1 store.go:1579] "Monitoring resource count at path" resource="deploymentconfigs.apps.openshift.io" path="<storage-prefix>//deploymentconfigs"
I1120 21:10:38.138808       1 cacher.go:451] cacher (deploymentconfigs.apps.openshift.io): initialized
I1120 21:10:38.138835       1 reflector.go:351] Caches populated for *apps.DeploymentConfig from storage/cacher.go:/deploymentconfigs
I1120 21:10:38.156864       1 handler.go:275] Adding GroupVersion apps.openshift.io v1 to ResourceManager
I1120 21:10:38.159367       1 maxinflight.go:139] "Initialized nonMutatingChan" len=3000
I1120 21:10:38.159395       1 maxinflight.go:145] "Initialized mutatingChan" len=1500
I1120 21:10:38.167501       1 handler.go:275] Adding GroupVersion authorization.openshift.io v1 to ResourceManager
I1120 21:10:38.167674       1 maxinflight.go:139] "Initialized nonMutatingChan" len=3000
I1120 21:10:38.167708       1 maxinflight.go:145] "Initialized mutatingChan" len=1500
I1120 21:10:38.202782       1 store.go:1579] "Monitoring resource count at path" resource="routes.route.openshift.io" path="<storage-prefix>//routes"
I1120 21:10:38.209062       1 cacher.go:451] cacher (images.image.openshift.io): initialized
I1120 21:10:38.209096       1 reflector.go:351] Caches populated for *image.Image from storage/cacher.go:/images
I1120 21:10:38.214486       1 cacher.go:451] cacher (routes.route.openshift.io): initialized
I1120 21:10:38.214570       1 reflector.go:351] Caches populated for *route.Route from storage/cacher.go:/routes
I1120 21:10:38.215988       1 handler.go:275] Adding GroupVersion route.openshift.io v1 to ResourceManager
I1120 21:10:38.216126       1 maxinflight.go:139] "Initialized nonMutatingChan" len=3000
I1120 21:10:38.216157       1 maxinflight.go:145] "Initialized mutatingChan" len=1500
I1120 21:10:38.259883       1 store.go:1579] "Monitoring resource count at path" resource="rangeallocations.security.openshift.io" path="<storage-prefix>//rangeallocations"
I1120 21:10:38.265497       1 handler.go:275] Adding GroupVersion security.openshift.io v1 to ResourceManager
I1120 21:10:38.265970       1 maxinflight.go:139] "Initialized nonMutatingChan" len=3000
I1120 21:10:38.266023       1 maxinflight.go:145] "Initialized mutatingChan" len=1500
I1120 21:10:38.265838       1 cacher.go:451] cacher (rangeallocations.security.openshift.io): initialized
I1120 21:10:38.267316       1 reflector.go:351] Caches populated for *security.RangeAllocation from storage/cacher.go:/rangeallocations
I1120 21:10:39.038593       1 server.go:50] Starting master on 0.0.0.0:8443 (v0.0.0-master+$Format:%H$)
I1120 21:10:39.038639       1 genericapiserver.go:528] MuxAndDiscoveryComplete has all endpoints registered and discovery information is complete
I1120 21:10:39.059807       1 requestheader_controller.go:169] Starting RequestHeaderAuthRequestController
I1120 21:10:39.059830       1 shared_informer.go:311] Waiting for caches to sync for RequestHeaderAuthRequestController
I1120 21:10:39.059869       1 configmap_cafile_content.go:202] "Starting controller" name="client-ca::kube-system::extension-apiserver-authentication::client-ca-file"
I1120 21:10:39.059894       1 shared_informer.go:311] Waiting for caches to sync for client-ca::kube-system::extension-apiserver-authentication::client-ca-file
I1120 21:10:39.059913       1 configmap_cafile_content.go:202] "Starting controller" name="client-ca::kube-system::extension-apiserver-authentication::requestheader-client-ca-file"
I1120 21:10:39.059918       1 shared_informer.go:311] Waiting for caches to sync for client-ca::kube-system::extension-apiserver-authentication::requestheader-client-ca-file
I1120 21:10:39.061097       1 tlsconfig.go:200] "Loaded serving cert" certName="serving-cert::/var/run/secrets/serving-cert/tls.crt::/var/run/secrets/serving-cert/tls.key" certDetail="\"api.openshift-apiserver.svc\" [serving] validServingFor=[api.openshift-apiserver.svc,api.openshift-apiserver.svc.cluster.local] issuer=\"openshift-service-serving-signer@1732036796\" (2024-11-19 17:20:20 +0000 UTC to 2026-11-19 17:20:21 +0000 UTC (now=2024-11-20 21:10:39.061064374 +0000 UTC))"
I1120 21:10:39.061220       1 dynamic_serving_content.go:132] "Starting controller" name="serving-cert::/var/run/secrets/serving-cert/tls.crt::/var/run/secrets/serving-cert/tls.key"
I1120 21:10:39.061538       1 named_certificates.go:53] "Loaded SNI cert" index=0 certName="self-signed loopback" certDetail="\"apiserver-loopback-client@1732137037\" [serving] validServingFor=[apiserver-loopback-client] issuer=\"apiserver-loopback-client-ca@1732137036\" (2024-11-20 20:10:36 +0000 UTC to 2025-11-20 20:10:36 +0000 UTC (now=2024-11-20 21:10:39.061514817 +0000 UTC))"
I1120 21:10:39.061605       1 secure_serving.go:213] Serving securely on [::]:8443
I1120 21:10:39.061662       1 genericapiserver.go:681] [graceful-termination] waiting for shutdown to be initiated
I1120 21:10:39.061692       1 tlsconfig.go:240] "Starting DynamicServingCertificateController"
I1120 21:10:39.062283       1 openshift_apiserver.go:593] Using default project node label selector: 
I1120 21:10:39.062387       1 reflector.go:351] Caches populated for *v1.ConfigMap from k8s.io/client-go@v0.29.2/tools/cache/reflector.go:229
I1120 21:10:39.062869       1 reflector.go:351] Caches populated for *v1.ConfigMap from k8s.io/client-go@v0.29.2/tools/cache/reflector.go:229
I1120 21:10:39.066493       1 clusterquotamapping.go:127] Starting ClusterQuotaMappingController controller
I1120 21:10:39.071989       1 reflector.go:351] Caches populated for *v1.LimitRange from k8s.io/client-go@v0.29.2/tools/cache/reflector.go:229
I1120 21:10:39.082682       1 reflector.go:351] Caches populated for *v1.ConfigMap from k8s.io/client-go@v0.29.2/tools/cache/reflector.go:229
I1120 21:10:39.116624       1 reflector.go:351] Caches populated for *v1.Route from k8s.io/client-go@v0.29.2/tools/cache/reflector.go:229
I1120 21:10:39.123858       1 reflector.go:351] Caches populated for *v1.ImageStream from k8s.io/client-go@v0.29.2/tools/cache/reflector.go:229
I1120 21:10:39.136438       1 reflector.go:351] Caches populated for *v1alpha1.ImageContentSourcePolicy from k8s.io/client-go@v0.29.2/tools/cache/reflector.go:229
I1120 21:10:39.138703       1 reflector.go:351] Caches populated for *v1.ImageDigestMirrorSet from k8s.io/client-go@v0.29.2/tools/cache/reflector.go:229
I1120 21:10:39.139260       1 reflector.go:351] Caches populated for *v1.Ingress from k8s.io/client-go@v0.29.2/tools/cache/reflector.go:229
I1120 21:10:39.142184       1 reflector.go:351] Caches populated for *v1.ClusterResourceQuota from k8s.io/client-go@v0.29.2/tools/cache/reflector.go:229
I1120 21:10:39.146595       1 reflector.go:351] Caches populated for *v1.Namespace from k8s.io/client-go@v0.29.2/tools/cache/reflector.go:229
I1120 21:10:39.146947       1 reflector.go:351] Caches populated for *v1.ImageTagMirrorSet from k8s.io/client-go@v0.29.2/tools/cache/reflector.go:229
I1120 21:10:39.147215       1 reflector.go:351] Caches populated for *v1.MutatingWebhookConfiguration from k8s.io/client-go@v0.29.2/tools/cache/reflector.go:229
I1120 21:10:39.149852       1 reflector.go:351] Caches populated for *v1.ResourceQuota from k8s.io/client-go@v0.29.2/tools/cache/reflector.go:229
I1120 21:10:39.151998       1 reflector.go:351] Caches populated for *v1.ValidatingWebhookConfiguration from k8s.io/client-go@v0.29.2/tools/cache/reflector.go:229
I1120 21:10:39.159904       1 shared_informer.go:318] Caches are synced for RequestHeaderAuthRequestController
I1120 21:10:39.160004       1 shared_informer.go:318] Caches are synced for client-ca::kube-system::extension-apiserver-authentication::requestheader-client-ca-file
I1120 21:10:39.160023       1 shared_informer.go:318] Caches are synced for client-ca::kube-system::extension-apiserver-authentication::client-ca-file
I1120 21:10:39.160171       1 tlsconfig.go:178] "Loaded client CA" index=0 certName="client-ca::kube-system::extension-apiserver-authentication::client-ca-file,client-ca::kube-system::extension-apiserver-authentication::requestheader-client-ca-file" certDetail="\"openshift-kube-apiserver-operator_aggregator-client-signer@1732104010\" [] issuer=\"<self>\" (2024-11-20 12:00:09 +0000 UTC to 2024-12-20 12:00:10 +0000 UTC (now=2024-11-20 21:10:39.16014485 +0000 UTC))"
I1120 21:10:39.160519       1 tlsconfig.go:200] "Loaded serving cert" certName="serving-cert::/var/run/secrets/serving-cert/tls.crt::/var/run/secrets/serving-cert/tls.key" certDetail="\"api.openshift-apiserver.svc\" [serving] validServingFor=[api.openshift-apiserver.svc,api.openshift-apiserver.svc.cluster.local] issuer=\"openshift-service-serving-signer@1732036796\" (2024-11-19 17:20:20 +0000 UTC to 2026-11-19 17:20:21 +0000 UTC (now=2024-11-20 21:10:39.160493469 +0000 UTC))"
I1120 21:10:39.160822       1 named_certificates.go:53] "Loaded SNI cert" index=0 certName="self-signed loopback" certDetail="\"apiserver-loopback-client@1732137037\" [serving] validServingFor=[apiserver-loopback-client] issuer=\"apiserver-loopback-client-ca@1732137036\" (2024-11-20 20:10:36 +0000 UTC to 2025-11-20 20:10:36 +0000 UTC (now=2024-11-20 21:10:39.160804516 +0000 UTC))"
I1120 21:10:39.161114       1 tlsconfig.go:178] "Loaded client CA" index=0 certName="client-ca::kube-system::extension-apiserver-authentication::client-ca-file,client-ca::kube-system::extension-apiserver-authentication::requestheader-client-ca-file" certDetail="\"admin-kubeconfig-signer\" [] issuer=\"<self>\" (2024-11-19 16:47:55 +0000 UTC to 2034-11-17 16:47:55 +0000 UTC (now=2024-11-20 21:10:39.161097619 +0000 UTC))"
I1120 21:10:39.161137       1 tlsconfig.go:178] "Loaded client CA" index=1 certName="client-ca::kube-system::extension-apiserver-authentication::client-ca-file,client-ca::kube-system::extension-apiserver-authentication::requestheader-client-ca-file" certDetail="\"kube-control-plane-signer\" [] issuer=\"<self>\" (2024-11-19 16:48:00 +0000 UTC to 2025-11-19 16:48:00 +0000 UTC (now=2024-11-20 21:10:39.161124676 +0000 UTC))"
I1120 21:10:39.161156       1 tlsconfig.go:178] "Loaded client CA" index=2 certName="client-ca::kube-system::extension-apiserver-authentication::client-ca-file,client-ca::kube-system::extension-apiserver-authentication::requestheader-client-ca-file" certDetail="\"kube-apiserver-to-kubelet-signer\" [] issuer=\"<self>\" (2024-11-19 16:48:00 +0000 UTC to 2025-11-19 16:48:00 +0000 UTC (now=2024-11-20 21:10:39.161146166 +0000 UTC))"
I1120 21:10:39.161176       1 tlsconfig.go:178] "Loaded client CA" index=3 certName="client-ca::kube-system::extension-apiserver-authentication::client-ca-file,client-ca::kube-system::extension-apiserver-authentication::requestheader-client-ca-file" certDetail="\"kubelet-bootstrap-kubeconfig-signer\" [] issuer=\"<self>\" (2024-11-19 16:47:57 +0000 UTC to 2034-11-17 16:47:57 +0000 UTC (now=2024-11-20 21:10:39.16116591 +0000 UTC))"
I1120 21:10:39.161204       1 tlsconfig.go:178] "Loaded client CA" index=4 certName="client-ca::kube-system::extension-apiserver-authentication::client-ca-file,client-ca::kube-system::extension-apiserver-authentication::requestheader-client-ca-file" certDetail="\"openshift-kube-apiserver-operator_node-system-admin-signer@1732036803\" [] issuer=\"<self>\" (2024-11-19 17:20:02 +0000 UTC to 2025-11-19 17:20:03 +0000 UTC (now=2024-11-20 21:10:39.161185114 +0000 UTC))"
I1120 21:10:39.161227       1 tlsconfig.go:178] "Loaded client CA" index=5 certName="client-ca::kube-system::extension-apiserver-authentication::client-ca-file,client-ca::kube-system::extension-apiserver-authentication::requestheader-client-ca-file" certDetail="\"openshift-kube-controller-manager-operator_csr-signer-signer@1732104004\" [] issuer=\"<self>\" (2024-11-20 12:00:03 +0000 UTC to 2025-01-19 12:00:04 +0000 UTC (now=2024-11-20 21:10:39.161214483 +0000 UTC))"
I1120 21:10:39.161251       1 tlsconfig.go:178] "Loaded client CA" index=6 certName="client-ca::kube-system::extension-apiserver-authentication::client-ca-file,client-ca::kube-system::extension-apiserver-authentication::requestheader-client-ca-file" certDetail="\"kube-csr-signer_@1732104424\" [] issuer=\"openshift-kube-controller-manager-operator_csr-signer-signer@1732104004\" (2024-11-20 12:07:03 +0000 UTC to 2024-12-20 12:07:04 +0000 UTC (now=2024-11-20 21:10:39.16123765 +0000 UTC))"
I1120 21:10:39.161273       1 tlsconfig.go:178] "Loaded client CA" index=7 certName="client-ca::kube-system::extension-apiserver-authentication::client-ca-file,client-ca::kube-system::extension-apiserver-authentication::requestheader-client-ca-file" certDetail="\"openshift-kube-apiserver-operator_aggregator-client-signer@1732104010\" [] issuer=\"<self>\" (2024-11-20 12:00:09 +0000 UTC to 2024-12-20 12:00:10 +0000 UTC (now=2024-11-20 21:10:39.161260902 +0000 UTC))"
I1120 21:10:39.161594       1 tlsconfig.go:200] "Loaded serving cert" certName="serving-cert::/var/run/secrets/serving-cert/tls.crt::/var/run/secrets/serving-cert/tls.key" certDetail="\"api.openshift-apiserver.svc\" [serving] validServingFor=[api.openshift-apiserver.svc,api.openshift-apiserver.svc.cluster.local] issuer=\"openshift-service-serving-signer@1732036796\" (2024-11-19 17:20:20 +0000 UTC to 2026-11-19 17:20:21 +0000 UTC (now=2024-11-20 21:10:39.161578335 +0000 UTC))"
I1120 21:10:39.161916       1 named_certificates.go:53] "Loaded SNI cert" index=0 certName="self-signed loopback" certDetail="\"apiserver-loopback-client@1732137037\" [serving] validServingFor=[apiserver-loopback-client] issuer=\"apiserver-loopback-client-ca@1732137036\" (2024-11-20 20:10:36 +0000 UTC to 2025-11-20 20:10:36 +0000 UTC (now=2024-11-20 21:10:39.161901762 +0000 UTC))"
I1120 21:10:39.164360       1 reflector.go:351] Caches populated for *v1.Role from k8s.io/client-go@v0.29.2/tools/cache/reflector.go:229
I1120 21:10:39.168335       1 reflector.go:351] Caches populated for *v1.Service from k8s.io/client-go@v0.29.2/tools/cache/reflector.go:229
I1120 21:10:39.172390       1 reflector.go:351] Caches populated for *v1.ClusterRoleBinding from k8s.io/client-go@v0.29.2/tools/cache/reflector.go:229
I1120 21:10:39.176651       1 reflector.go:351] Caches populated for *v1.SecurityContextConstraints from k8s.io/client-go@v0.29.2/tools/cache/reflector.go:229
I1120 21:10:39.180163       1 reflector.go:351] Caches populated for *v1.RoleBinding from k8s.io/client-go@v0.29.2/tools/cache/reflector.go:229
I1120 21:10:39.240623       1 reflector.go:351] Caches populated for *v1.ServiceAccount from k8s.io/client-go@v0.29.2/tools/cache/reflector.go:229
I1120 21:10:39.303365       1 reflector.go:351] Caches populated for *v1.ClusterRole from k8s.io/client-go@v0.29.2/tools/cache/reflector.go:229
I1120 21:10:39.324762       1 reflector.go:351] Caches populated for *v1.Pod from k8s.io/client-go@v0.29.2/tools/cache/reflector.go:229
I1120 21:10:39.410673       1 reflector.go:351] Caches populated for *etcd.ImageLayers from k8s.io/client-go@v0.29.2/tools/cache/reflector.go:229
I1120 21:10:40.036001       1 healthz.go:261] poststarthook/authorization.openshift.io-bootstrapclusterroles,poststarthook/authorization.openshift.io-ensurenodebootstrap-sa check failed: healthz
[-]poststarthook/authorization.openshift.io-bootstrapclusterroles failed: not finished
[-]poststarthook/authorization.openshift.io-ensurenodebootstrap-sa failed: not finished
I1120 21:10:40.180680       1 reflector.go:351] Caches populated for *v1.MutatingWebhookConfiguration from k8s.io/client-go@v0.29.2/tools/cache/reflector.go:229
I1120 21:10:40.727109       1 reflector.go:351] Caches populated for *v1.ResourceQuota from k8s.io/client-go@v0.29.2/tools/cache/reflector.go:229
I1120 21:10:42.181797       1 reflector.go:351] Caches populated for *v1.MutatingWebhookConfiguration from k8s.io/client-go@v0.29.2/tools/cache/reflector.go:229
I1120 21:10:43.244111       1 reflector.go:351] Caches populated for *v1.ResourceQuota from k8s.io/client-go@v0.29.2/tools/cache/reflector.go:229
I1120 21:10:54.751492       1 controller.go:624] quota admission added evaluator for: routes.route.openshift.io
I1120 21:10:54.751696       1 controller.go:624] quota admission added evaluator for: routes.route.openshift.io
E1120 21:18:11.065700       1 strategy.go:60] unable to parse manifest for "sha256:c98095666093831e72d41db7fe7dab678573bb6bbd41767a8378734129c9c86b": unexpected end of JSON input
I1120 21:18:11.070937       1 trace.go:236] Trace[1410529869]: "Create" accept:application/vnd.kubernetes.protobuf,application/json,audit-id:6974776c-d44a-497e-979e-f0428295b8c8,client:172.23.218.103,api-group:image.openshift.io,api-version:v1,name:,subresource:,namespace:openshift,protocol:HTTP/2.0,resource:imagestreamimports,scope:resource,url:/apis/image.openshift.io/v1/namespaces/openshift/imagestreamimports,user-agent:openshift-controller-manager/v0.0.0 (linux/amd64) kubernetes/$Format/system:serviceaccount:openshift-infra:image-import-controller,verb:POST (20-Nov-2024 21:18:08.689) (total time: 2381ms):
Trace[1410529869]: ---"Write to database call succeeded" len:287 2380ms (21:18:11.070)
Trace[1410529869]: [2.381219757s] [2.381219757s] END
